ok  	github.com/openshift/origin/examples	0.074s
ok  	github.com/openshift/origin/pkg/api	2.962s
ok  	github.com/openshift/origin/pkg/api/graph	0.076s
ok  	github.com/openshift/origin/pkg/api/graph/graphview	0.053s
ok  	github.com/openshift/origin/pkg/api/kubegraph	0.033s
ok  	github.com/openshift/origin/pkg/api/kubegraph/analysis	0.120s
ok  	github.com/openshift/origin/pkg/api/kubegraph/nodes	0.026s
ok  	github.com/openshift/origin/pkg/api/latest	0.029s
ok  	github.com/openshift/origin/pkg/api/validation	0.116s
ok  	github.com/openshift/origin/pkg/assets	0.032s
ok  	github.com/openshift/origin/pkg/auth/authenticator/anonymous	0.017s
ok  	github.com/openshift/origin/pkg/auth/authenticator/challenger/passwordchallenger	0.021s
ok  	github.com/openshift/origin/pkg/auth/authenticator/password/basicauthpassword	0.055s
ok  	github.com/openshift/origin/pkg/auth/authenticator/password/htpasswd	0.709s
ok  	github.com/openshift/origin/pkg/auth/authenticator/password/keystonepassword	0.053s
ok  	github.com/openshift/origin/pkg/auth/authenticator/request/basicauthrequest	0.016s
ok  	github.com/openshift/origin/pkg/auth/authenticator/request/bearertoken	0.034s
ok  	github.com/openshift/origin/pkg/auth/authenticator/request/headerrequest	0.021s
ok  	github.com/openshift/origin/pkg/auth/authenticator/request/unionrequest	0.020s
ok  	github.com/openshift/origin/pkg/auth/authenticator/request/x509request	0.013s
ok  	github.com/openshift/origin/pkg/auth/authenticator/token/cache	0.031s
ok  	github.com/openshift/origin/pkg/auth/group	0.010s
ok  	github.com/openshift/origin/pkg/auth/ldaputil	0.250s
ok  	github.com/openshift/origin/pkg/auth/oauth/external	0.091s
ok  	github.com/openshift/origin/pkg/auth/oauth/external/github	0.033s
ok  	github.com/openshift/origin/pkg/auth/oauth/external/gitlab	0.026s
ok  	github.com/openshift/origin/pkg/auth/oauth/external/google	0.040s
ok  	github.com/openshift/origin/pkg/auth/oauth/external/openid	0.041s
ok  	github.com/openshift/origin/pkg/auth/oauth/handlers	0.014s
ok  	github.com/openshift/origin/pkg/auth/oauth/registry	0.043s
ok  	github.com/openshift/origin/pkg/authorization/api	0.019s
ok  	github.com/openshift/origin/pkg/authorization/api/v1	0.020s
ok  	github.com/openshift/origin/pkg/authorization/api/validation	0.010s
ok  	github.com/openshift/origin/pkg/authorization/authorizer	0.289s
ok  	github.com/openshift/origin/pkg/authorization/authorizer/adapter	0.030s
ok  	github.com/openshift/origin/pkg/authorization/authorizer/cache	0.080s
ok  	github.com/openshift/origin/pkg/authorization/authorizer/remote	0.020s
ok  	github.com/openshift/origin/pkg/authorization/cache	0.300s
ok  	github.com/openshift/origin/pkg/authorization/reaper	0.059s
ok  	github.com/openshift/origin/pkg/authorization/registry/clusterrole	0.077s
ok  	github.com/openshift/origin/pkg/authorization/registry/clusterrolebinding	0.011s
ok  	github.com/openshift/origin/pkg/authorization/registry/localresourceaccessreview	0.033s
ok  	github.com/openshift/origin/pkg/authorization/registry/localsubjectaccessreview	0.080s
ok  	github.com/openshift/origin/pkg/authorization/registry/resourceaccessreview	0.081s
ok  	github.com/openshift/origin/pkg/authorization/registry/rolebinding/policybased	0.020s
ok  	github.com/openshift/origin/pkg/authorization/registry/role/policybased	0.058s
ok  	github.com/openshift/origin/pkg/authorization/registry/subjectaccessreview	0.024s
ok  	github.com/openshift/origin/pkg/authorization/rulevalidation	0.023s
ok  	github.com/openshift/origin/pkg/auth/server/csrf	0.050s
ok  	github.com/openshift/origin/pkg/auth/server/errorpage	0.149s
ok  	github.com/openshift/origin/pkg/auth/server/grant	0.052s
ok  	github.com/openshift/origin/pkg/auth/server/login	0.372s
ok  	github.com/openshift/origin/pkg/auth/server/selectprovider	0.070s
ok  	github.com/openshift/origin/pkg/auth/userregistry/identitymapper	0.051s
ok  	github.com/openshift/origin/pkg/build/admission	0.052s
ok  	github.com/openshift/origin/pkg/build/admission/defaults	0.056s
ok  	github.com/openshift/origin/pkg/build/admission/defaults/api/validation	0.102s
ok  	github.com/openshift/origin/pkg/build/admission/overrides	0.051s
ok  	github.com/openshift/origin/pkg/build/admission/strategyrestrictions	0.048s
ok  	github.com/openshift/origin/pkg/build/api	0.034s
ok  	github.com/openshift/origin/pkg/build/api/v1	0.044s
ok  	github.com/openshift/origin/pkg/build/api/v1beta3	0.019s
ok  	github.com/openshift/origin/pkg/build/api/validation	0.012s
ok  	github.com/openshift/origin/pkg/build/builder	4.799s
ok  	github.com/openshift/origin/pkg/build/builder/cmd/dockercfg	0.011s
ok  	github.com/openshift/origin/pkg/build/builder/cmd/scmauth	0.038s
ok  	github.com/openshift/origin/pkg/build/controller	0.050s
ok  	github.com/openshift/origin/pkg/build/controller/factory	0.083s
ok  	github.com/openshift/origin/pkg/build/controller/strategy	0.124s
ok  	github.com/openshift/origin/pkg/build/generator	0.076s
ok  	github.com/openshift/origin/pkg/build/graph	0.040s
ok  	github.com/openshift/origin/pkg/build/graph/analysis	0.165s
ok  	github.com/openshift/origin/pkg/build/prune	3.588s
ok  	github.com/openshift/origin/pkg/build/reaper	0.059s
ok  	github.com/openshift/origin/pkg/build/registry/build	0.036s
ok  	github.com/openshift/origin/pkg/build/registry/buildclone	0.014s
ok  	github.com/openshift/origin/pkg/build/registry/buildconfig	0.069s
ok  	github.com/openshift/origin/pkg/build/registry/buildconfig/etcd	4.470s
ok  	github.com/openshift/origin/pkg/build/registry/buildconfiginstantiate	0.120s
ok  	github.com/openshift/origin/pkg/build/registry/build/etcd	4.489s
ok  	github.com/openshift/origin/pkg/build/registry/buildlog	0.146s
ok  	github.com/openshift/origin/pkg/build/util	0.018s
ok  	github.com/openshift/origin/pkg/build/webhook	0.040s
ok  	github.com/openshift/origin/pkg/build/webhook/generic	0.030s
ok  	github.com/openshift/origin/pkg/build/webhook/github	0.041s
ok  	github.com/openshift/origin/pkg/client	0.017s
ok  	github.com/openshift/origin/pkg/client/cache	0.015s
ok  	github.com/openshift/origin/pkg/client/testclient	0.039s
ok  	github.com/openshift/origin/pkg/cmd/admin/groups/sync	0.071s
ok  	github.com/openshift/origin/pkg/cmd/admin/groups/sync/ad	0.049s
ok  	github.com/openshift/origin/pkg/cmd/admin/groups/sync/groupdetector	0.023s
ok  	github.com/openshift/origin/pkg/cmd/admin/groups/sync/rfc2307	0.024s
ok  	github.com/openshift/origin/pkg/cmd/admin/groups/sync/syncerror	0.045s
ok  	github.com/openshift/origin/pkg/cmd/admin/node	0.051s
ok  	github.com/openshift/origin/pkg/cmd/admin/policy	0.053s
ok  	github.com/openshift/origin/pkg/cmd/cli	0.109s
ok  	github.com/openshift/origin/pkg/cmd/cli/cmd	0.072s
ok  	github.com/openshift/origin/pkg/cmd/cli/cmd/rsync	0.084s
ok  	github.com/openshift/origin/pkg/cmd/cli/describe	0.172s
ok  	github.com/openshift/origin/pkg/cmd/cli/secrets	0.150s
ok  	github.com/openshift/origin/pkg/cmd/flagtypes	0.005s
ok  	github.com/openshift/origin/pkg/cmd/infra/deployer	0.057s
ok  	github.com/openshift/origin/pkg/cmd/openshift	0.228s
ok  	github.com/openshift/origin/pkg/cmd/recycle	0.074s
ok  	github.com/openshift/origin/pkg/cmd/server/admin	21.483s
ok  	github.com/openshift/origin/pkg/cmd/server/api	0.347s
ok  	github.com/openshift/origin/pkg/cmd/server/api/v1	0.093s
ok  	github.com/openshift/origin/pkg/cmd/server/api/validation	0.112s
ok  	github.com/openshift/origin/pkg/cmd/server/bootstrappolicy	0.130s
ok  	github.com/openshift/origin/pkg/cmd/server/crypto	26.494s
ok  	github.com/openshift/origin/pkg/cmd/server/kubernetes	0.092s
ok  	github.com/openshift/origin/pkg/cmd/server/origin	0.167s
ok  	github.com/openshift/origin/pkg/cmd/server/start	0.410s
ok  	github.com/openshift/origin/pkg/cmd/util	0.021s
ok  	github.com/openshift/origin/pkg/cmd/util/clientcmd	0.157s
ok  	github.com/openshift/origin/pkg/cmd/util/docker	0.036s
ok  	github.com/openshift/origin/pkg/cmd/util/pluginconfig	0.057s
ok  	github.com/openshift/origin/pkg/cmd/util/tokencmd	0.046s
ok  	github.com/openshift/origin/pkg/controller	0.017s
ok  	github.com/openshift/origin/pkg/deploy/api	0.025s
ok  	github.com/openshift/origin/pkg/deploy/api/v1	0.017s
ok  	github.com/openshift/origin/pkg/deploy/api/v1beta3	0.142s
ok  	github.com/openshift/origin/pkg/deploy/api/validation	0.035s
ok  	github.com/openshift/origin/pkg/deploy/controller/configchange	0.046s
ok  	github.com/openshift/origin/pkg/deploy/controller/deployerpod	0.023s
ok  	github.com/openshift/origin/pkg/deploy/controller/deployment	0.120s
ok  	github.com/openshift/origin/pkg/deploy/controller/deploymentconfig	0.157s
ok  	github.com/openshift/origin/pkg/deploy/controller/imagechange	0.064s
ok  	github.com/openshift/origin/pkg/deploy/generator	0.015s
ok  	github.com/openshift/origin/pkg/deploy/graph	0.045s
ok  	github.com/openshift/origin/pkg/deploy/graph/analysis	0.040s
ok  	github.com/openshift/origin/pkg/deploy/graph/nodes	0.020s
ok  	github.com/openshift/origin/pkg/deploy/prune	5.409s
ok  	github.com/openshift/origin/pkg/deploy/reaper	14.240s
ok  	github.com/openshift/origin/pkg/deploy/registry/deployconfig	0.053s
ok  	github.com/openshift/origin/pkg/deploy/registry/deployconfig/etcd	4.944s
ok  	github.com/openshift/origin/pkg/deploy/registry/deploylog	0.053s
ok  	github.com/openshift/origin/pkg/deploy/registry/rollback	0.067s
ok  	github.com/openshift/origin/pkg/deploy/scaler	0.103s
ok  	github.com/openshift/origin/pkg/deploy/strategy/recreate	0.147s
ok  	github.com/openshift/origin/pkg/deploy/strategy/rolling	0.098s
ok  	github.com/openshift/origin/pkg/deploy/strategy/support	0.162s
ok  	github.com/openshift/origin/pkg/deploy/util	0.087s
ok  	github.com/openshift/origin/pkg/diagnostics/cluster	0.033s
ok  	github.com/openshift/origin/pkg/dockerregistry	0.190s
ok  	github.com/openshift/origin/pkg/dockerregistry/server	0.136s
ok  	github.com/openshift/origin/pkg/generate/app	0.056s
ok  	github.com/openshift/origin/pkg/generate/app/cmd	0.139s
ok  	github.com/openshift/origin/pkg/generate/dockerfile	0.064s
ok  	github.com/openshift/origin/pkg/generate/git	0.014s
ok  	github.com/openshift/origin/pkg/generate/source	0.022s
ok  	github.com/openshift/origin/pkg/image/api	0.016s
ok  	github.com/openshift/origin/pkg/image/api/v1	0.090s
ok  	github.com/openshift/origin/pkg/image/api/v1beta3	0.033s
ok  	github.com/openshift/origin/pkg/image/api/validation	0.026s
ok  	github.com/openshift/origin/pkg/image/controller	0.036s
ok  	github.com/openshift/origin/pkg/image/importer	0.165s
ok  	github.com/openshift/origin/pkg/image/prune	0.262s
ok  	github.com/openshift/origin/pkg/image/registry/image/etcd	6.614s
ok  	github.com/openshift/origin/pkg/image/registry/imagesecret	0.041s
ok  	github.com/openshift/origin/pkg/image/registry/imagestream	0.024s
ok  	github.com/openshift/origin/pkg/image/registry/imagestream/etcd	1.650s
ok  	github.com/openshift/origin/pkg/image/registry/imagestreamimage	3.248s
ok  	github.com/openshift/origin/pkg/image/registry/imagestreammapping	2.702s
ok  	github.com/openshift/origin/pkg/image/registry/imagestreamtag	3.960s
ok  	github.com/openshift/origin/pkg/ipfailover	0.062s
ok  	github.com/openshift/origin/pkg/ipfailover/keepalived	0.025s
ok  	github.com/openshift/origin/pkg/oauth/api/v1	0.039s
ok  	github.com/openshift/origin/pkg/oauth/api/validation	0.024s
ok  	github.com/openshift/origin/pkg/oauth/scope	0.015s
ok  	github.com/openshift/origin/pkg/oauth/server/osinserver	0.084s
ok  	github.com/openshift/origin/pkg/oauth/server/osinserver/registrystorage	0.040s
ok  	github.com/openshift/origin/pkg/project/admission/lifecycle	0.388s
ok  	github.com/openshift/origin/pkg/project/admission/nodeenv	0.049s
ok  	github.com/openshift/origin/pkg/project/admission/requestlimit	0.030s
ok  	github.com/openshift/origin/pkg/project/admission/requestlimit/api/validation	0.065s
ok  	github.com/openshift/origin/pkg/project/api/v1	0.064s
ok  	github.com/openshift/origin/pkg/project/api/validation	0.156s
ok  	github.com/openshift/origin/pkg/project/auth	0.025s
ok  	github.com/openshift/origin/pkg/project/controller	0.026s
ok  	github.com/openshift/origin/pkg/project/registry/project	0.158s
ok  	github.com/openshift/origin/pkg/project/registry/project/proxy	0.017s
ok  	github.com/openshift/origin/pkg/project/registry/projectrequest/delegated	0.046s
ok  	github.com/openshift/origin/pkg/quota/admission/clusterresourceoverride	0.215s
ok  	github.com/openshift/origin/pkg/quota/admission/runonceduration	0.049s
ok  	github.com/openshift/origin/pkg/quota/admission/runonceduration/api/validation	0.038s
ok  	github.com/openshift/origin/pkg/route/api/v1	0.033s
ok  	github.com/openshift/origin/pkg/route/api/validation	0.029s
ok  	github.com/openshift/origin/pkg/route/controller/allocation	0.038s
ok  	github.com/openshift/origin/pkg/route/generator	0.042s
ok  	github.com/openshift/origin/pkg/route/graph/analysis	0.064s
ok  	github.com/openshift/origin/pkg/router/controller	0.032s
ok  	github.com/openshift/origin/pkg/route/registry/route/etcd	7.197s
ok  	github.com/openshift/origin/pkg/sdn/api/v1	0.041s
ok  	github.com/openshift/origin/pkg/sdn/api/validation	0.016s
ok  	github.com/openshift/origin/pkg/security/admission	0.025s
ok  	github.com/openshift/origin/pkg/security/controller	0.023s
ok  	github.com/openshift/origin/pkg/security/mcs	0.030s
ok  	github.com/openshift/origin/pkg/security/mcsallocator	0.087s
ok  	github.com/openshift/origin/pkg/security/uid	0.018s
ok  	github.com/openshift/origin/pkg/security/uidallocator	0.048s
ok  	github.com/openshift/origin/pkg/service	0.121s
ok  	github.com/openshift/origin/pkg/serviceaccounts/controllers	0.038s
ok  	github.com/openshift/origin/pkg/template	0.073s
ok  	github.com/openshift/origin/pkg/template/api/v1	0.168s
ok  	github.com/openshift/origin/pkg/template/api/validation	0.058s
ok  	github.com/openshift/origin/pkg/template/generator	0.008s
ok  	github.com/openshift/origin/pkg/template/generator/examples	0.921s
ok  	github.com/openshift/origin/pkg/template/registry	0.030s
ok  	github.com/openshift/origin/pkg/template/registry/etcd	4.779s
ok  	github.com/openshift/origin/pkg/user	0.014s
ok  	github.com/openshift/origin/pkg/user/api/v1	0.039s
ok  	github.com/openshift/origin/pkg/user/api/validation	0.073s
ok  	github.com/openshift/origin/pkg/user/reaper	0.041s
ok  	github.com/openshift/origin/pkg/user/registry/useridentitymapping	0.022s
ok  	github.com/openshift/origin/pkg/util	0.017s
ok  	github.com/openshift/origin/pkg/util/docker/dockerfile	0.032s
ok  	github.com/openshift/origin/pkg/util/http/links	0.026s
ok  	github.com/openshift/origin/pkg/util/jsonmerge	0.036s
ok  	github.com/openshift/origin/pkg/util/labelselector	0.040s
ok  	github.com/openshift/origin/pkg/util/namer	0.018s
ok  	github.com/openshift/origin/pkg/util/parallel	0.030s
ok  	github.com/openshift/origin/pkg/util/ratelimiter	14.051s
ok  	github.com/openshift/origin/pkg/util/stringreplace	0.063s
ok  	github.com/openshift/origin/plugins/route/allocation/simple	0.095s
ok  	github.com/openshift/origin/plugins/router/f5	6.014s
ok  	github.com/openshift/origin/plugins/router/template	0.028s
ok  	github.com/openshift/origin/test/integration	0.031s
ok  	github.com/openshift/origin/tools/junitreport/pkg/builder/flat	0.019s
ok  	github.com/openshift/origin/tools/junitreport/pkg/builder/nested	0.021s
ok  	github.com/openshift/origin/tools/junitreport/pkg/parser/gotest	0.026s
ok  	github.com/openshift/origin/tools/junitreport/pkg/parser/stack	0.012s
ok  	github.com/openshift/origin/tools/rebasehelpers/commitchecker	0.054s
ok  	github.com/openshift/origin/Godeps/_workspace/src/k8s.io/kubernetes/pkg/api	2.109s
ok  	github.com/openshift/origin/Godeps/_workspace/src/k8s.io/kubernetes/pkg/api/v1	0.030s
ok  	github.com/openshift/origin/Godeps/_workspace/src/k8s.io/kubernetes/cmd/kube-apiserver/app	0.020s
ok  	github.com/openshift/origin/Godeps/_workspace/src/k8s.io/kubernetes/cmd/kube-proxy/app	0.035s
ok  	github.com/openshift/origin/Godeps/_workspace/src/k8s.io/kubernetes/examples	0.142s
ok  	github.com/openshift/origin/Godeps/_workspace/src/k8s.io/kubernetes/pkg/admission	0.014s
ok  	github.com/openshift/origin/Godeps/_workspace/src/k8s.io/kubernetes/pkg/apimachinery/registered	0.004s
ok  	github.com/openshift/origin/Godeps/_workspace/src/k8s.io/kubernetes/pkg/apis/abac/v0	0.008s
ok  	github.com/openshift/origin/Godeps/_workspace/src/k8s.io/kubernetes/pkg/apis/authorization/validation	0.034s
ok  	github.com/openshift/origin/Godeps/_workspace/src/k8s.io/kubernetes/pkg/apis/componentconfig	0.031s
ok  	github.com/openshift/origin/Godeps/_workspace/src/k8s.io/kubernetes/pkg/apis/componentconfig/install	0.042s
ok  	github.com/openshift/origin/Godeps/_workspace/src/k8s.io/kubernetes/pkg/apiserver	1.794s
ok  	github.com/openshift/origin/Godeps/_workspace/src/k8s.io/kubernetes/pkg/apis/extensions	0.014s
ok  	github.com/openshift/origin/Godeps/_workspace/src/k8s.io/kubernetes/pkg/apis/extensions/install	0.014s
ok  	github.com/openshift/origin/Godeps/_workspace/src/k8s.io/kubernetes/pkg/apis/extensions/v1beta1	0.030s
ok  	github.com/openshift/origin/Godeps/_workspace/src/k8s.io/kubernetes/pkg/apis/extensions/validation	0.040s
ok  	github.com/openshift/origin/Godeps/_workspace/src/k8s.io/kubernetes/pkg/auth/authenticator/bearertoken	0.018s
ok  	github.com/openshift/origin/Godeps/_workspace/src/k8s.io/kubernetes/pkg/auth/authorizer/abac	0.041s
ok  	github.com/openshift/origin/Godeps/_workspace/src/k8s.io/kubernetes/pkg/auth/authorizer/union	0.007s
ok  	github.com/openshift/origin/Godeps/_workspace/src/k8s.io/kubernetes/pkg/auth/handlers	0.068s
ok  	github.com/openshift/origin/Godeps/_workspace/src/k8s.io/kubernetes/pkg/client/cache	0.331s
ok  	github.com/openshift/origin/Godeps/_workspace/src/k8s.io/kubernetes/pkg/client/chaosclient	0.014s
ok  	github.com/openshift/origin/Godeps/_workspace/src/k8s.io/kubernetes/pkg/client/leaderelection	0.030s
ok  	github.com/openshift/origin/Godeps/_workspace/src/k8s.io/kubernetes/pkg/client/record	0.188s
ok  	github.com/openshift/origin/Godeps/_workspace/src/k8s.io/kubernetes/pkg/client/transport	0.045s
ok  	github.com/openshift/origin/Godeps/_workspace/src/k8s.io/kubernetes/pkg/client/unversioned	22.447s
ok  	github.com/openshift/origin/Godeps/_workspace/src/k8s.io/kubernetes/pkg/client/unversioned/auth	0.025s
ok  	github.com/openshift/origin/Godeps/_workspace/src/k8s.io/kubernetes/pkg/client/unversioned/clientcmd	0.092s
ok  	github.com/openshift/origin/Godeps/_workspace/src/k8s.io/kubernetes/pkg/client/unversioned/clientcmd/api	0.021s
ok  	github.com/openshift/origin/Godeps/_workspace/src/k8s.io/kubernetes/pkg/client/unversioned/portforward	0.031s
ok  	github.com/openshift/origin/Godeps/_workspace/src/k8s.io/kubernetes/pkg/client/unversioned/remotecommand	0.234s
ok  	github.com/openshift/origin/Godeps/_workspace/src/k8s.io/kubernetes/pkg/client/unversioned/testclient	0.053s
ok  	github.com/openshift/origin/Godeps/_workspace/src/k8s.io/kubernetes/pkg/cloudprovider/providers/aws	0.040s
ok  	github.com/openshift/origin/Godeps/_workspace/src/k8s.io/kubernetes/pkg/cloudprovider/providers/gce	0.036s
ok  	github.com/openshift/origin/Godeps/_workspace/src/k8s.io/kubernetes/pkg/cloudprovider/providers/mesos	0.350s
ok  	github.com/openshift/origin/Godeps/_workspace/src/k8s.io/kubernetes/pkg/cloudprovider/providers/openstack	0.047s
ok  	github.com/openshift/origin/Godeps/_workspace/src/k8s.io/kubernetes/pkg/cloudprovider/providers/ovirt	0.029s
ok  	github.com/openshift/origin/Godeps/_workspace/src/k8s.io/kubernetes/pkg/cloudprovider/providers/rackspace	0.070s
ok  	github.com/openshift/origin/Godeps/_workspace/src/k8s.io/kubernetes/pkg/controller	0.065s
ok  	github.com/openshift/origin/Godeps/_workspace/src/k8s.io/kubernetes/pkg/controller/daemon	0.323s
ok  	github.com/openshift/origin/Godeps/_workspace/src/k8s.io/kubernetes/pkg/controller/deployment	0.086s
ok  	github.com/openshift/origin/Godeps/_workspace/src/k8s.io/kubernetes/pkg/controller/endpoint	0.046s
ok  	github.com/openshift/origin/Godeps/_workspace/src/k8s.io/kubernetes/pkg/controller/framework	1.305s
ok  	github.com/openshift/origin/Godeps/_workspace/src/k8s.io/kubernetes/pkg/controller/gc	0.048s
ok  	github.com/openshift/origin/Godeps/_workspace/src/k8s.io/kubernetes/pkg/controller/job	0.054s
ok  	github.com/openshift/origin/Godeps/_workspace/src/k8s.io/kubernetes/pkg/controller/namespace	0.066s
I0314 11:08:36.658393    8632 nodecontroller.go:134] Sending events to api server.
I0314 11:08:36.658560    8632 nodecontroller.go:134] Sending events to api server.
W0314 11:08:36.658612    8632 nodecontroller.go:585] Missing timestamp for Node node0. Assuming now as a timestamp.
I0314 11:08:36.658639    8632 nodecontroller.go:134] Sending events to api server.
W0314 11:08:36.658701    8632 nodecontroller.go:585] Missing timestamp for Node node0. Assuming now as a timestamp.
I0314 11:08:36.658713    8632 nodecontroller.go:423] Evicting pods on node node0: 2015-01-01 13:00:00 +0000 UTC is later than 2015-01-01 12:00:00 +0000 UTC + 10m0s
E0314 11:08:36.658849    8632 event.go:251] Could not construct reference to: '&api.Pod{TypeMeta:unversioned.TypeMeta{Kind:"", APIVersion:""}, ObjectMeta:api.ObjectMeta{Name:"pod0", GenerateName:"", Namespace:"", SelfLink:"", UID:"", ResourceVersion:"", Generation:0, CreationTimestamp:unversioned.Time{Time:time.Time{sec:0, nsec:0, loc:(*time.Location)(nil)}}, DeletionTimestamp:(*unversioned.Time)(nil), DeletionGracePeriodSeconds:(*int64)(nil), Labels:map[string]string(nil), Annotations:map[string]string(nil)}, Spec:api.PodSpec{Volumes:[]api.Volume(nil), Containers:[]api.Container(nil), RestartPolicy:"", TerminationGracePeriodSeconds:(*int64)(nil), ActiveDeadlineSeconds:(*int64)(nil), DNSPolicy:"", NodeSelector:map[string]string(nil), ServiceAccountName:"", NodeName:"node0", SecurityContext:(*api.PodSecurityContext)(nil), ImagePullSecrets:[]api.LocalObjectReference(nil)}, Status:api.PodStatus{Phase:"", Conditions:[]api.PodCondition{api.PodCondition{Type:"Ready", Status:"True", LastProbeTime:unversioned.Time{Time:time.Time{sec:0, nsec:0, loc:(*time.Location)(nil)}}, LastTransitionTime:unversioned.Time{Time:time.Time{sec:0, nsec:0, loc:(*time.Location)(nil)}}, Reason:"", Message:""}}, Message:"", Reason:"", HostIP:"", PodIP:"", StartTime:(*unversioned.Time)(nil), ContainerStatuses:[]api.ContainerStatus(nil)}}' due to: 'selfLink was empty, can't make reference'. Will not report event: 'Normal' 'NodeControllerEviction' 'Marking for deletion Pod pod0 from Node node0'
I0314 11:08:36.659004    8632 nodecontroller.go:134] Sending events to api server.
W0314 11:08:36.659176    8632 nodecontroller.go:585] Missing timestamp for Node node0. Assuming now as a timestamp.
E0314 11:08:36.659083    8632 event.go:192] Server rejected event '&api.Event{TypeMeta:unversioned.TypeMeta{Kind:"", APIVersion:""}, ObjectMeta:api.ObjectMeta{Name:"node0.143bbe470746df00", GenerateName:"", Namespace:"default", SelfLink:"", UID:"", ResourceVersion:"", Generation:0, CreationTimestamp:unversioned.Time{Time:time.Time{sec:0, nsec:0, loc:(*time.Location)(nil)}}, DeletionTimestamp:(*unversioned.Time)(nil), DeletionGracePeriodSeconds:(*int64)(nil), Labels:map[string]string(nil), Annotations:map[string]string(nil)}, InvolvedObject:api.ObjectReference{Kind:"Node", Namespace:"", Name:"node0", UID:"node0", APIVersion:"", ResourceVersion:"", FieldPath:""}, Reason:"RegisteredNode", Message:"Node node0 event: Registered Node node0 in NodeController", Source:api.EventSource{Component:"controllermanager", Host:""}, FirstTimestamp:unversioned.Time{Time:time.Time{sec:63593564916, nsec:658528000, loc:(*time.Location)(0x8149d820)}}, LastTimestamp:unversioned.Time{Time:time.Time{sec:63593564916, nsec:658528000, loc:(*time.Location)(0x8149d820)}}, Count:1, Type:"Normal"}': 'Event "node0.143bbe470746df00" not found' (will not retry!)
I0314 11:08:36.659226    8632 event.go:210] Event(api.ObjectReference{Kind:"Node", Namespace:"", Name:"node0", UID:"node0", APIVersion:"", ResourceVersion:"", FieldPath:""}): type: 'Normal' reason: 'RegisteredNode' Node node0 event: Registered Node node0 in NodeController
I0314 11:08:36.659252    8632 event.go:210] Event(api.ObjectReference{Kind:"Node", Namespace:"", Name:"node0", UID:"node0", APIVersion:"", ResourceVersion:"", FieldPath:""}): type: 'Normal' reason: 'RegisteredNode' Node node0 event: Registered Node node0 in NodeController
I0314 11:08:36.659292    8632 nodecontroller.go:134] Sending events to api server.
I0314 11:08:36.659275    8632 event.go:210] Event(api.ObjectReference{Kind:"Node", Namespace:"", Name:"node0", UID:"node0", APIVersion:"", ResourceVersion:"", FieldPath:""}): type: 'Normal' reason: 'RegisteredNode' Node node0 event: Registered Node node0 in NodeController
W0314 11:08:36.659354    8632 nodecontroller.go:585] Missing timestamp for Node node0. Assuming now as a timestamp.
I0314 11:08:36.659371    8632 nodecontroller.go:429] Evicting pods on node node0: 2015-01-01 13:00:00 +0000 UTC is later than 2015-01-01 12:00:00 +0000 UTC + 9m20s
E0314 11:08:36.659362    8632 event.go:192] Server rejected event '&api.Event{TypeMeta:unversioned.TypeMeta{Kind:"", APIVersion:""}, ObjectMeta:api.ObjectMeta{Name:"node0.143bbe4707496f40", GenerateName:"", Namespace:"default", SelfLink:"", UID:"", ResourceVersion:"", Generation:0, CreationTimestamp:unversioned.Time{Time:time.Time{sec:0, nsec:0, loc:(*time.Location)(nil)}}, DeletionTimestamp:(*unversioned.Time)(nil), DeletionGracePeriodSeconds:(*int64)(nil), Labels:map[string]string(nil), Annotations:map[string]string(nil)}, InvolvedObject:api.ObjectReference{Kind:"Node", Namespace:"", Name:"node0", UID:"node0", APIVersion:"", ResourceVersion:"", FieldPath:""}, Reason:"RegisteredNode", Message:"Node node0 event: Registered Node node0 in NodeController", Source:api.EventSource{Component:"controllermanager", Host:""}, FirstTimestamp:unversioned.Time{Time:time.Time{sec:63593564916, nsec:658696000, loc:(*time.Location)(0x8149d820)}}, LastTimestamp:unversioned.Time{Time:time.Time{sec:63593564916, nsec:658696000, loc:(*time.Location)(0x8149d820)}}, Count:1, Type:"Normal"}': 'Event "node0.143bbe4707496f40" not found' (will not retry!)
E0314 11:08:36.659469    8632 event.go:251] Could not construct reference to: '&api.Pod{TypeMeta:unversioned.TypeMeta{Kind:"", APIVersion:""}, ObjectMeta:api.ObjectMeta{Name:"pod0", GenerateName:"", Namespace:"", SelfLink:"", UID:"", ResourceVersion:"", Generation:0, CreationTimestamp:unversioned.Time{Time:time.Time{sec:0, nsec:0, loc:(*time.Location)(nil)}}, DeletionTimestamp:(*unversioned.Time)(nil), DeletionGracePeriodSeconds:(*int64)(nil), Labels:map[string]string(nil), Annotations:map[string]string(nil)}, Spec:api.PodSpec{Volumes:[]api.Volume(nil), Containers:[]api.Container(nil), RestartPolicy:"", TerminationGracePeriodSeconds:(*int64)(nil), ActiveDeadlineSeconds:(*int64)(nil), DNSPolicy:"", NodeSelector:map[string]string(nil), ServiceAccountName:"", NodeName:"node0", SecurityContext:(*api.PodSecurityContext)(nil), ImagePullSecrets:[]api.LocalObjectReference(nil)}, Status:api.PodStatus{Phase:"", Conditions:[]api.PodCondition{api.PodCondition{Type:"Ready", Status:"True", LastProbeTime:unversioned.Time{Time:time.Time{sec:0, nsec:0, loc:(*time.Location)(nil)}}, LastTransitionTime:unversioned.Time{Time:time.Time{sec:0, nsec:0, loc:(*time.Location)(nil)}}, Reason:"", Message:""}}, Message:"", Reason:"", HostIP:"", PodIP:"", StartTime:(*unversioned.Time)(nil), ContainerStatuses:[]api.ContainerStatus(nil)}}' due to: 'selfLink was empty, can't make reference'. Will not report event: 'Normal' 'NodeControllerEviction' 'Marking for deletion Pod pod0 from Node node0'
E0314 11:08:36.659490    8632 event.go:192] Server rejected event '&api.Event{TypeMeta:unversioned.TypeMeta{Kind:"", APIVersion:""}, ObjectMeta:api.ObjectMeta{Name:"node0.143bbe4707480fb0", GenerateName:"", Namespace:"default", SelfLink:"", UID:"", ResourceVersion:"", Generation:0, CreationTimestamp:unversioned.Time{Time:time.Time{sec:0, nsec:0, loc:(*time.Location)(nil)}}, DeletionTimestamp:(*unversioned.Time)(nil), DeletionGracePeriodSeconds:(*int64)(nil), Labels:map[string]string(nil), Annotations:map[string]string(nil)}, InvolvedObject:api.ObjectReference{Kind:"Node", Namespace:"", Name:"node0", UID:"node0", APIVersion:"", ResourceVersion:"", FieldPath:""}, Reason:"RegisteredNode", Message:"Node node0 event: Registered Node node0 in NodeController", Source:api.EventSource{Component:"controllermanager", Host:""}, FirstTimestamp:unversioned.Time{Time:time.Time{sec:63593564916, nsec:658606000, loc:(*time.Location)(0x8149d820)}}, LastTimestamp:unversioned.Time{Time:time.Time{sec:63593564916, nsec:658606000, loc:(*time.Location)(0x8149d820)}}, Count:1, Type:"Normal"}': 'Event "node0.143bbe4707480fb0" not found' (will not retry!)
E0314 11:08:36.659620    8632 event.go:192] Server rejected event '&api.Event{TypeMeta:unversioned.TypeMeta{Kind:"", APIVersion:""}, ObjectMeta:api.ObjectMeta{Name:"node0.143bbe47074b8a50", GenerateName:"", Namespace:"default", SelfLink:"", UID:"", ResourceVersion:"", Generation:0, CreationTimestamp:unversioned.Time{Time:time.Time{sec:0, nsec:0, loc:(*time.Location)(nil)}}, DeletionTimestamp:(*unversioned.Time)(nil), DeletionGracePeriodSeconds:(*int64)(nil), Labels:map[string]string(nil), Annotations:map[string]string(nil)}, InvolvedObject:api.ObjectReference{Kind:"Node", Namespace:"", Name:"node0", UID:"node0", APIVersion:"", ResourceVersion:"", FieldPath:""}, Reason:"DeletingAllPods", Message:"Node node0 event: Deleting all Pods from Node node0.", Source:api.EventSource{Component:"controllermanager", Host:""}, FirstTimestamp:unversioned.Time{Time:time.Time{sec:63593564916, nsec:658834000, loc:(*time.Location)(0x8149d820)}}, LastTimestamp:unversioned.Time{Time:time.Time{sec:63593564916, nsec:658834000, loc:(*time.Location)(0x8149d820)}}, Count:1, Type:"Normal"}': 'Event "node0.143bbe47074b8a50" not found' (will not retry!)
I0314 11:08:36.659654    8632 event.go:210] Event(api.ObjectReference{Kind:"Node", Namespace:"", Name:"node0", UID:"node0", APIVersion:"", ResourceVersion:"", FieldPath:""}): type: 'Normal' reason: 'RegisteredNode' Node node0 event: Registered Node node0 in NodeController
E0314 11:08:36.659713    8632 event.go:192] Server rejected event '&api.Event{TypeMeta:unversioned.TypeMeta{Kind:"", APIVersion:""}, ObjectMeta:api.ObjectMeta{Name:"node0.143bbe4707509360", GenerateName:"", Namespace:"default", SelfLink:"", UID:"", ResourceVersion:"", Generation:0, CreationTimestamp:unversioned.Time{Time:time.Time{sec:0, nsec:0, loc:(*time.Location)(nil)}}, DeletionTimestamp:(*unversioned.Time)(nil), DeletionGracePeriodSeconds:(*int64)(nil), Labels:map[string]string(nil), Annotations:map[string]string(nil)}, InvolvedObject:api.ObjectReference{Kind:"Node", Namespace:"", Name:"node0", UID:"node0", APIVersion:"", ResourceVersion:"", FieldPath:""}, Reason:"RegisteredNode", Message:"Node node0 event: Registered Node node0 in NodeController", Source:api.EventSource{Component:"controllermanager", Host:""}, FirstTimestamp:unversioned.Time{Time:time.Time{sec:63593564916, nsec:659164000, loc:(*time.Location)(0x8149d820)}}, LastTimestamp:unversioned.Time{Time:time.Time{sec:63593564916, nsec:659164000, loc:(*time.Location)(0x8149d820)}}, Count:1, Type:"Normal"}': 'Event "node0.143bbe4707509360" not found' (will not retry!)
I0314 11:08:36.659807    8632 event.go:210] Event(api.ObjectReference{Kind:"Node", Namespace:"", Name:"node0", UID:"node0", APIVersion:"", ResourceVersion:"", FieldPath:""}): type: 'Normal' reason: 'DeletingAllPods' Node node0 event: Deleting all Pods from Node node0.
E0314 11:08:36.659854    8632 event.go:192] Server rejected event '&api.Event{TypeMeta:unversioned.TypeMeta{Kind:"", APIVersion:""}, ObjectMeta:api.ObjectMeta{Name:"node0.143bbe4707536608", GenerateName:"", Namespace:"default", SelfLink:"", UID:"", ResourceVersion:"", Generation:0, CreationTimestamp:unversioned.Time{Time:time.Time{sec:0, nsec:0, loc:(*time.Location)(nil)}}, DeletionTimestamp:(*unversioned.Time)(nil), DeletionGracePeriodSeconds:(*int64)(nil), Labels:map[string]string(nil), Annotations:map[string]string(nil)}, InvolvedObject:api.ObjectReference{Kind:"Node", Namespace:"", Name:"node0", UID:"node0", APIVersion:"", ResourceVersion:"", FieldPath:""}, Reason:"RegisteredNode", Message:"Node node0 event: Registered Node node0 in NodeController", Source:api.EventSource{Component:"controllermanager", Host:""}, FirstTimestamp:unversioned.Time{Time:time.Time{sec:63593564916, nsec:659349000, loc:(*time.Location)(0x8149d820)}}, LastTimestamp:unversioned.Time{Time:time.Time{sec:63593564916, nsec:659349000, loc:(*time.Location)(0x8149d820)}}, Count:1, Type:"Normal"}': 'Event "node0.143bbe4707536608" not found' (will not retry!)
I0314 11:08:36.659965    8632 event.go:210] Event(api.ObjectReference{Kind:"Node", Namespace:"", Name:"node0", UID:"node0", APIVersion:"", ResourceVersion:"", FieldPath:""}): type: 'Normal' reason: 'RegisteredNode' Node node0 event: Registered Node node0 in NodeController
I0314 11:08:36.660031    8632 nodecontroller.go:134] Sending events to api server.
I0314 11:08:36.660037    8632 event.go:210] Event(api.ObjectReference{Kind:"Node", Namespace:"", Name:"node0", UID:"node0", APIVersion:"", ResourceVersion:"", FieldPath:""}): type: 'Normal' reason: 'DeletingAllPods' Node node0 event: Deleting all Pods from Node node0.
I0314 11:08:36.660145    8632 nodecontroller.go:134] Sending events to api server.
I0314 11:08:36.660213    8632 nodecontroller.go:134] Sending events to api server.
E0314 11:08:36.660008    8632 event.go:192] Server rejected event '&api.Event{TypeMeta:unversioned.TypeMeta{Kind:"", APIVersion:""}, ObjectMeta:api.ObjectMeta{Name:"node0.143bbe47075513b8", GenerateName:"", Namespace:"default", SelfLink:"", UID:"", ResourceVersion:"", Generation:0, CreationTimestamp:unversioned.Time{Time:time.Time{sec:0, nsec:0, loc:(*time.Location)(nil)}}, DeletionTimestamp:(*unversioned.Time)(nil), DeletionGracePeriodSeconds:(*int64)(nil), Labels:map[string]string(nil), Annotations:map[string]string(nil)}, InvolvedObject:api.ObjectReference{Kind:"Node", Namespace:"", Name:"node0", UID:"node0", APIVersion:"", ResourceVersion:"", FieldPath:""}, Reason:"DeletingAllPods", Message:"Node node0 event: Deleting all Pods from Node node0.", Source:api.EventSource{Component:"controllermanager", Host:""}, FirstTimestamp:unversioned.Time{Time:time.Time{sec:63593564916, nsec:659459000, loc:(*time.Location)(0x8149d820)}}, LastTimestamp:unversioned.Time{Time:time.Time{sec:63593564916, nsec:659459000, loc:(*time.Location)(0x8149d820)}}, Count:1, Type:"Normal"}': 'Event "node0.143bbe47075513b8" not found' (will not retry!)
W0314 11:08:36.660323    8632 nodecontroller.go:585] Missing timestamp for Node node0. Assuming now as a timestamp.
I0314 11:08:36.660448    8632 nodecontroller.go:134] Sending events to api server.
E0314 11:08:36.660360    8632 event.go:192] Server rejected event '&api.Event{TypeMeta:unversioned.TypeMeta{Kind:"", APIVersion:""}, ObjectMeta:api.ObjectMeta{Name:"node0.143bbe47076046e8", GenerateName:"", Namespace:"default", SelfLink:"", UID:"", ResourceVersion:"", Generation:0, CreationTimestamp:unversioned.Time{Time:time.Time{sec:0, nsec:0, loc:(*time.Location)(nil)}}, DeletionTimestamp:(*unversioned.Time)(nil), DeletionGracePeriodSeconds:(*int64)(nil), Labels:map[string]string(nil), Annotations:map[string]string(nil)}, InvolvedObject:api.ObjectReference{Kind:"Node", Namespace:"", Name:"node0", UID:"node0", APIVersion:"", ResourceVersion:"", FieldPath:""}, Reason:"RegisteredNode", Message:"Node node0 event: Registered Node node0 in NodeController", Source:api.EventSource{Component:"controllermanager", Host:""}, FirstTimestamp:unversioned.Time{Time:time.Time{sec:63593564916, nsec:660193000, loc:(*time.Location)(0x8149d820)}}, LastTimestamp:unversioned.Time{Time:time.Time{sec:63593564916, nsec:660193000, loc:(*time.Location)(0x8149d820)}}, Count:1, Type:"Normal"}': 'Event "node0.143bbe47076046e8" not found' (will not retry!)
I0314 11:08:36.660472    8632 event.go:210] Event(api.ObjectReference{Kind:"Node", Namespace:"", Name:"node0", UID:"node0", APIVersion:"", ResourceVersion:"", FieldPath:""}): type: 'Normal' reason: 'RegisteredNode' Node node0 event: Registered Node node0 in NodeController
W0314 11:08:36.660517    8632 nodecontroller.go:585] Missing timestamp for Node node0. Assuming now as a timestamp.
I0314 11:08:36.660518    8632 event.go:210] Event(api.ObjectReference{Kind:"Node", Namespace:"", Name:"node0", UID:"node0", APIVersion:"", ResourceVersion:"", FieldPath:""}): type: 'Normal' reason: 'RegisteredNode' Node node0 event: Registered Node node0 in NodeController
E0314 11:08:36.660585    8632 event.go:192] Server rejected event '&api.Event{TypeMeta:unversioned.TypeMeta{Kind:"", APIVersion:""}, ObjectMeta:api.ObjectMeta{Name:"node0.143bbe47076192f0", GenerateName:"", Namespace:"default", SelfLink:"", UID:"", ResourceVersion:"", Generation:0, CreationTimestamp:unversioned.Time{Time:time.Time{sec:0, nsec:0, loc:(*time.Location)(nil)}}, DeletionTimestamp:(*unversioned.Time)(nil), DeletionGracePeriodSeconds:(*int64)(nil), Labels:map[string]string(nil), Annotations:map[string]string(nil)}, InvolvedObject:api.ObjectReference{Kind:"Node", Namespace:"", Name:"node0", UID:"node0", APIVersion:"", ResourceVersion:"", FieldPath:""}, Reason:"RegisteredNode", Message:"Node node0 event: Registered Node node0 in NodeController", Source:api.EventSource{Component:"controllermanager", Host:""}, FirstTimestamp:unversioned.Time{Time:time.Time{sec:63593564916, nsec:660278000, loc:(*time.Location)(0x8149d820)}}, LastTimestamp:unversioned.Time{Time:time.Time{sec:63593564916, nsec:660278000, loc:(*time.Location)(0x8149d820)}}, Count:1, Type:"Normal"}': 'Event "node0.143bbe47076192f0" not found' (will not retry!)
I0314 11:08:36.660821    8632 nodecontroller.go:134] Sending events to api server.
E0314 11:08:36.660740    8632 event.go:192] Server rejected event '&api.Event{TypeMeta:unversioned.TypeMeta{Kind:"", APIVersion:""}, ObjectMeta:api.ObjectMeta{Name:"node0.143bbe47075e85b0", GenerateName:"", Namespace:"default", SelfLink:"", UID:"", ResourceVersion:"", Generation:0, CreationTimestamp:unversioned.Time{Time:time.Time{sec:0, nsec:0, loc:(*time.Location)(nil)}}, DeletionTimestamp:(*unversioned.Time)(nil), DeletionGracePeriodSeconds:(*int64)(nil), Labels:map[string]string(nil), Annotations:map[string]string(nil)}, InvolvedObject:api.ObjectReference{Kind:"Node", Namespace:"", Name:"node0", UID:"node0", APIVersion:"", ResourceVersion:"", FieldPath:""}, Reason:"RegisteredNode", Message:"Node node0 event: Registered Node node0 in NodeController", Source:api.EventSource{Component:"controllermanager", Host:""}, FirstTimestamp:unversioned.Time{Time:time.Time{sec:63593564916, nsec:660078000, loc:(*time.Location)(0x8149d820)}}, LastTimestamp:unversioned.Time{Time:time.Time{sec:63593564916, nsec:660078000, loc:(*time.Location)(0x8149d820)}}, Count:1, Type:"Normal"}': 'Event "node0.143bbe47075e85b0" not found' (will not retry!)
I0314 11:08:36.660892    8632 nodecontroller.go:134] Sending events to api server.
E0314 11:08:36.660885    8632 event.go:192] Server rejected event '&api.Event{TypeMeta:unversioned.TypeMeta{Kind:"", APIVersion:""}, ObjectMeta:api.ObjectMeta{Name:"node0.143bbe4707627968", GenerateName:"", Namespace:"default", SelfLink:"", UID:"", ResourceVersion:"", Generation:0, CreationTimestamp:unversioned.Time{Time:time.Time{sec:0, nsec:0, loc:(*time.Location)(nil)}}, DeletionTimestamp:(*unversioned.Time)(nil), DeletionGracePeriodSeconds:(*int64)(nil), Labels:map[string]string(nil), Annotations:map[string]string(nil)}, InvolvedObject:api.ObjectReference{Kind:"Node", Namespace:"", Name:"node0", UID:"node0", APIVersion:"", ResourceVersion:"", FieldPath:""}, Reason:"NodeNotReady", Message:"Node node0 status is now: NodeNotReady", Source:api.EventSource{Component:"controllermanager", Host:""}, FirstTimestamp:unversioned.Time{Time:time.Time{sec:63593564916, nsec:660337000, loc:(*time.Location)(0x8149d820)}}, LastTimestamp:unversioned.Time{Time:time.Time{sec:63593564916, nsec:660337000, loc:(*time.Location)(0x8149d820)}}, Count:1, Type:"Normal"}': 'Event "node0.143bbe4707627968" not found' (will not retry!)
I0314 11:08:36.660929    8632 event.go:210] Event(api.ObjectReference{Kind:"Node", Namespace:"", Name:"node0", UID:"node0", APIVersion:"", ResourceVersion:"", FieldPath:""}): type: 'Normal' reason: 'NodeNotReady' Node node0 status is now: NodeNotReady
W0314 11:08:36.660955    8632 nodecontroller.go:585] Missing timestamp for Node node0. Assuming now as a timestamp.
I0314 11:08:36.660982    8632 nodecontroller.go:134] Sending events to api server.
W0314 11:08:36.661033    8632 nodecontroller.go:585] Missing timestamp for Node node0. Assuming now as a timestamp.
E0314 11:08:36.660978    8632 event.go:192] Server rejected event '&api.Event{TypeMeta:unversioned.TypeMeta{Kind:"", APIVersion:""}, ObjectMeta:api.ObjectMeta{Name:"node0.143bbe47076509a8", GenerateName:"", Namespace:"default", SelfLink:"", UID:"", ResourceVersion:"", Generation:0, CreationTimestamp:unversioned.Time{Time:time.Time{sec:0, nsec:0, loc:(*time.Location)(nil)}}, DeletionTimestamp:(*unversioned.Time)(nil), DeletionGracePeriodSeconds:(*int64)(nil), Labels:map[string]string(nil), Annotations:map[string]string(nil)}, InvolvedObject:api.ObjectReference{Kind:"Node", Namespace:"", Name:"node0", UID:"node0", APIVersion:"", ResourceVersion:"", FieldPath:""}, Reason:"RegisteredNode", Message:"Node node0 event: Registered Node node0 in NodeController", Source:api.EventSource{Component:"controllermanager", Host:""}, FirstTimestamp:unversioned.Time{Time:time.Time{sec:63593564916, nsec:660505000, loc:(*time.Location)(0x8149d820)}}, LastTimestamp:unversioned.Time{Time:time.Time{sec:63593564916, nsec:660505000, loc:(*time.Location)(0x8149d820)}}, Count:1, Type:"Normal"}': 'Event "node0.143bbe47076509a8" not found' (will not retry!)
I0314 11:08:36.661091    8632 event.go:210] Event(api.ObjectReference{Kind:"Node", Namespace:"", Name:"node0", UID:"node0", APIVersion:"", ResourceVersion:"", FieldPath:""}): type: 'Normal' reason: 'RegisteredNode' Node node0 event: Registered Node node0 in NodeController
I0314 11:08:36.661300    8632 nodecontroller.go:134] Sending events to api server.
W0314 11:08:36.661366    8632 nodecontroller.go:585] Missing timestamp for Node node0. Assuming now as a timestamp.
W0314 11:08:36.661371    8632 nodecontroller.go:585] Missing timestamp for Node node1. Assuming now as a timestamp.
E0314 11:08:36.661157    8632 event.go:192] Server rejected event '&api.Event{TypeMeta:unversioned.TypeMeta{Kind:"", APIVersion:""}, ObjectMeta:api.ObjectMeta{Name:"node0.143bbe47076aa728", GenerateName:"", Namespace:"default", SelfLink:"", UID:"", ResourceVersion:"", Generation:0, CreationTimestamp:unversioned.Time{Time:time.Time{sec:0, nsec:0, loc:(*time.Location)(nil)}}, DeletionTimestamp:(*unversioned.Time)(nil), DeletionGracePeriodSeconds:(*int64)(nil), Labels:map[string]string(nil), Annotations:map[string]string(nil)}, InvolvedObject:api.ObjectReference{Kind:"Node", Namespace:"", Name:"node0", UID:"node0", APIVersion:"", ResourceVersion:"", FieldPath:""}, Reason:"RegisteredNode", Message:"Node node0 event: Registered Node node0 in NodeController", Source:api.EventSource{Component:"controllermanager", Host:""}, FirstTimestamp:unversioned.Time{Time:time.Time{sec:63593564916, nsec:660873000, loc:(*time.Location)(0x8149d820)}}, LastTimestamp:unversioned.Time{Time:time.Time{sec:63593564916, nsec:660873000, loc:(*time.Location)(0x8149d820)}}, Count:1, Type:"Normal"}': 'Event "node0.143bbe47076aa728" not found' (will not retry!)
I0314 11:08:36.661757    8632 event.go:210] Event(api.ObjectReference{Kind:"Node", Namespace:"", Name:"node0", UID:"node0", APIVersion:"", ResourceVersion:"", FieldPath:""}): type: 'Normal' reason: 'RegisteredNode' Node node0 event: Registered Node node0 in NodeController
E0314 11:08:36.661822    8632 event.go:192] Server rejected event '&api.Event{TypeMeta:unversioned.TypeMeta{Kind:"", APIVersion:""}, ObjectMeta:api.ObjectMeta{Name:"node0.143bbe47076bd3f0", GenerateName:"", Namespace:"default", SelfLink:"", UID:"", ResourceVersion:"", Generation:0, CreationTimestamp:unversioned.Time{Time:time.Time{sec:0, nsec:0, loc:(*time.Location)(nil)}}, DeletionTimestamp:(*unversioned.Time)(nil), DeletionGracePeriodSeconds:(*int64)(nil), Labels:map[string]string(nil), Annotations:map[string]string(nil)}, InvolvedObject:api.ObjectReference{Kind:"Node", Namespace:"", Name:"node0", UID:"node0", APIVersion:"", ResourceVersion:"", FieldPath:""}, Reason:"RegisteredNode", Message:"Node node0 event: Registered Node node0 in NodeController", Source:api.EventSource{Component:"controllermanager", Host:""}, FirstTimestamp:unversioned.Time{Time:time.Time{sec:63593564916, nsec:660950000, loc:(*time.Location)(0x8149d820)}}, LastTimestamp:unversioned.Time{Time:time.Time{sec:63593564916, nsec:660950000, loc:(*time.Location)(0x8149d820)}}, Count:1, Type:"Normal"}': 'Event "node0.143bbe47076bd3f0" not found' (will not retry!)
I0314 11:08:36.661917    8632 event.go:210] Event(api.ObjectReference{Kind:"Node", Namespace:"", Name:"node0", UID:"node0", APIVersion:"", ResourceVersion:"", FieldPath:""}): type: 'Normal' reason: 'RegisteredNode' Node node0 event: Registered Node node0 in NodeController
I0314 11:08:36.661941    8632 event.go:210] Event(api.ObjectReference{Kind:"Node", Namespace:"", Name:"node0", UID:"node0", APIVersion:"", ResourceVersion:"", FieldPath:""}): type: 'Normal' reason: 'NodeNotReady' Node node0 status is now: NodeNotReady
E0314 11:08:36.662300    8632 event.go:251] Could not construct reference to: '&api.Pod{TypeMeta:unversioned.TypeMeta{Kind:"", APIVersion:""}, ObjectMeta:api.ObjectMeta{Name:"pod1", GenerateName:"", Namespace:"", SelfLink:"", UID:"", ResourceVersion:"", Generation:0, CreationTimestamp:unversioned.Time{Time:time.Time{sec:0, nsec:0, loc:(*time.Location)(nil)}}, DeletionTimestamp:(*unversioned.Time)(nil), DeletionGracePeriodSeconds:(*int64)(nil), Labels:map[string]string(nil), Annotations:map[string]string(nil)}, Spec:api.PodSpec{Volumes:[]api.Volume(nil), Containers:[]api.Container(nil), RestartPolicy:"", TerminationGracePeriodSeconds:(*int64)(nil), ActiveDeadlineSeconds:(*int64)(nil), DNSPolicy:"", NodeSelector:map[string]string(nil), ServiceAccountName:"", NodeName:"node1", SecurityContext:(*api.PodSecurityContext)(nil), ImagePullSecrets:[]api.LocalObjectReference(nil)}, Status:api.PodStatus{Phase:"", Conditions:[]api.PodCondition{api.PodCondition{Type:"Ready", Status:"True", LastProbeTime:unversioned.Time{Time:time.Time{sec:0, nsec:0, loc:(*time.Location)(nil)}}, LastTransitionTime:unversioned.Time{Time:time.Time{sec:0, nsec:0, loc:(*time.Location)(nil)}}, Reason:"", Message:""}}, Message:"", Reason:"", HostIP:"", PodIP:"", StartTime:(*unversioned.Time)(nil), ContainerStatuses:[]api.ContainerStatus(nil)}}' due to: 'selfLink was empty, can't make reference'. Will not report event: 'Normal' 'NodeControllerEviction' 'Marking for deletion Pod pod1 from Node node1'
I0314 11:08:36.662419    8632 nodecontroller.go:137] No api server defined - no events will be sent to API server.
--- FAIL: TestDelNode (0.00s)
	rate_limited_queue_test.go:76: Invalid queue. Got [0xc8203d7680 0xc8203d7640], expected [second third]
FAIL
FAIL	github.com/openshift/origin/Godeps/_workspace/src/k8s.io/kubernetes/pkg/controller/node	0.102s
ok  	github.com/openshift/origin/Godeps/_workspace/src/k8s.io/kubernetes/pkg/controller/persistentvolume	10.106s
ok  	github.com/openshift/origin/Godeps/_workspace/src/k8s.io/kubernetes/pkg/controller/podautoscaler	24.093s
ok  	github.com/openshift/origin/Godeps/_workspace/src/k8s.io/kubernetes/pkg/controller/podautoscaler/metrics	0.022s
ok  	github.com/openshift/origin/Godeps/_workspace/src/k8s.io/kubernetes/pkg/controller/replication	9.791s
ok  	github.com/openshift/origin/Godeps/_workspace/src/k8s.io/kubernetes/pkg/controller/resourcequota	0.087s
ok  	github.com/openshift/origin/Godeps/_workspace/src/k8s.io/kubernetes/pkg/controller/route	0.072s
ok  	github.com/openshift/origin/Godeps/_workspace/src/k8s.io/kubernetes/pkg/controller/service	0.045s
ok  	github.com/openshift/origin/Godeps/_workspace/src/k8s.io/kubernetes/pkg/controller/serviceaccount	0.043s
ok  	github.com/openshift/origin/Godeps/_workspace/src/k8s.io/kubernetes/pkg/conversion	1.227s
ok  	github.com/openshift/origin/Godeps/_workspace/src/k8s.io/kubernetes/pkg/conversion/queryparams	0.013s
ok  	github.com/openshift/origin/Godeps/_workspace/src/k8s.io/kubernetes/pkg/credentialprovider	2.034s
ok  	github.com/openshift/origin/Godeps/_workspace/src/k8s.io/kubernetes/pkg/credentialprovider/aws	0.029s
ok  	github.com/openshift/origin/Godeps/_workspace/src/k8s.io/kubernetes/pkg/credentialprovider/gcp	0.110s
ok  	github.com/openshift/origin/Godeps/_workspace/src/k8s.io/kubernetes/pkg/fieldpath	0.061s
ok  	github.com/openshift/origin/Godeps/_workspace/src/k8s.io/kubernetes/pkg/fields	0.101s
ok  	github.com/openshift/origin/Godeps/_workspace/src/k8s.io/kubernetes/pkg/genericapiserver	2.182s
ok  	github.com/openshift/origin/Godeps/_workspace/src/k8s.io/kubernetes/pkg/healthz	0.039s
ok  	github.com/openshift/origin/Godeps/_workspace/src/k8s.io/kubernetes/pkg/httplog	0.049s
E0314 11:09:06.346749    9486 describe.go:444] Unable to construct reference to '&api.Pod{TypeMeta:unversioned.TypeMeta{Kind:"", APIVersion:""}, ObjectMeta:api.ObjectMeta{Name:"bar", GenerateName:"", Namespace:"foo", SelfLink:"", UID:"", ResourceVersion:"", Generation:0, CreationTimestamp:unversioned.Time{Time:time.Time{sec:0, nsec:0, loc:(*time.Location)(nil)}}, DeletionTimestamp:(*unversioned.Time)(nil), DeletionGracePeriodSeconds:(*int64)(nil), Labels:map[string]string(nil), Annotations:map[string]string(nil)}, Spec:api.PodSpec{Volumes:[]api.Volume(nil), Containers:[]api.Container(nil), RestartPolicy:"", TerminationGracePeriodSeconds:(*int64)(nil), ActiveDeadlineSeconds:(*int64)(nil), DNSPolicy:"", NodeSelector:map[string]string(nil), ServiceAccountName:"", NodeName:"", SecurityContext:(*api.PodSecurityContext)(nil), ImagePullSecrets:[]api.LocalObjectReference(nil)}, Status:api.PodStatus{Phase:"", Conditions:[]api.PodCondition(nil), Message:"", Reason:"", HostIP:"", PodIP:"", StartTime:(*unversioned.Time)(nil), ContainerStatuses:[]api.ContainerStatus(nil)}}': selfLink was empty, can't make reference
--- FAIL: TestTranslateTimestamp (0.00s)
	resource_printer_test.go:1229: On 2 days ago, expected '2d', but got '1d'
	resource_printer_test.go:1229: On months ago, expected '90d', but got '89d'
FAIL
FAIL	github.com/openshift/origin/Godeps/_workspace/src/k8s.io/kubernetes/pkg/kubectl	0.560s
ok  	github.com/openshift/origin/Godeps/_workspace/src/k8s.io/kubernetes/pkg/kubectl/cmd	0.450s
ok  	github.com/openshift/origin/Godeps/_workspace/src/k8s.io/kubernetes/pkg/kubectl/cmd/config	0.867s
ok  	github.com/openshift/origin/Godeps/_workspace/src/k8s.io/kubernetes/pkg/kubectl/cmd/util	0.440s
ok  	github.com/openshift/origin/Godeps/_workspace/src/k8s.io/kubernetes/pkg/kubectl/cmd/util/editor	0.045s
ok  	github.com/openshift/origin/Godeps/_workspace/src/k8s.io/kubernetes/pkg/kubectl/resource	0.087s
ok  	github.com/openshift/origin/Godeps/_workspace/src/k8s.io/kubernetes/pkg/kubelet	0.800s
ok  	github.com/openshift/origin/Godeps/_workspace/src/k8s.io/kubernetes/pkg/kubelet/client	0.015s
ok  	github.com/openshift/origin/Godeps/_workspace/src/k8s.io/kubernetes/pkg/kubelet/cm	0.049s
ok  	github.com/openshift/origin/Godeps/_workspace/src/k8s.io/kubernetes/pkg/kubelet/config	0.239s
ok  	github.com/openshift/origin/Godeps/_workspace/src/k8s.io/kubernetes/pkg/kubelet/container	0.137s
ok  	github.com/openshift/origin/Godeps/_workspace/src/k8s.io/kubernetes/pkg/kubelet/dockertools	0.736s
ok  	github.com/openshift/origin/Godeps/_workspace/src/k8s.io/kubernetes/pkg/kubelet/envvars	0.045s
ok  	github.com/openshift/origin/Godeps/_workspace/src/k8s.io/kubernetes/pkg/kubelet/lifecycle	0.125s
ok  	github.com/openshift/origin/Godeps/_workspace/src/k8s.io/kubernetes/pkg/kubelet/network	0.037s
ok  	github.com/openshift/origin/Godeps/_workspace/src/k8s.io/kubernetes/pkg/kubelet/network/cni	0.246s
ok  	github.com/openshift/origin/Godeps/_workspace/src/k8s.io/kubernetes/pkg/kubelet/network/exec	0.107s
ok  	github.com/openshift/origin/Godeps/_workspace/src/k8s.io/kubernetes/pkg/kubelet/network/hairpin	0.044s
ok  	github.com/openshift/origin/Godeps/_workspace/src/k8s.io/kubernetes/pkg/kubelet/pleg	0.071s
ok  	github.com/openshift/origin/Godeps/_workspace/src/k8s.io/kubernetes/pkg/kubelet/pod	0.093s
ok  	github.com/openshift/origin/Godeps/_workspace/src/k8s.io/kubernetes/pkg/kubelet/prober	9.240s
ok  	github.com/openshift/origin/Godeps/_workspace/src/k8s.io/kubernetes/pkg/kubelet/prober/results	0.062s
ok  	github.com/openshift/origin/Godeps/_workspace/src/k8s.io/kubernetes/pkg/kubelet/qos	0.034s
ok  	github.com/openshift/origin/Godeps/_workspace/src/k8s.io/kubernetes/pkg/kubelet/rkt	0.151s
ok  	github.com/openshift/origin/Godeps/_workspace/src/k8s.io/kubernetes/pkg/kubelet/server	1.459s
ok  	github.com/openshift/origin/Godeps/_workspace/src/k8s.io/kubernetes/pkg/kubelet/status	0.194s
ok  	github.com/openshift/origin/Godeps/_workspace/src/k8s.io/kubernetes/pkg/kubelet/types	0.084s
ok  	github.com/openshift/origin/Godeps/_workspace/src/k8s.io/kubernetes/pkg/kubelet/util/queue	0.015s
ok  	github.com/openshift/origin/Godeps/_workspace/src/k8s.io/kubernetes/pkg/labels	0.060s
ok  	github.com/openshift/origin/Godeps/_workspace/src/k8s.io/kubernetes/pkg/master	27.390s
ok  	github.com/openshift/origin/Godeps/_workspace/src/k8s.io/kubernetes/pkg/probe/exec	0.075s
ok  	github.com/openshift/origin/Godeps/_workspace/src/k8s.io/kubernetes/pkg/probe/http	1.044s
ok  	github.com/openshift/origin/Godeps/_workspace/src/k8s.io/kubernetes/pkg/probe/tcp	0.021s
ok  	github.com/openshift/origin/Godeps/_workspace/src/k8s.io/kubernetes/pkg/proxy/config	0.171s
ok  	github.com/openshift/origin/Godeps/_workspace/src/k8s.io/kubernetes/pkg/proxy/iptables	0.037s
ok  	github.com/openshift/origin/Godeps/_workspace/src/k8s.io/kubernetes/pkg/proxy/userspace	5.417s
ok  	github.com/openshift/origin/Godeps/_workspace/src/k8s.io/kubernetes/pkg/registry/componentstatus	0.014s
ok  	github.com/openshift/origin/Godeps/_workspace/src/k8s.io/kubernetes/pkg/registry/configmap	0.060s
ok  	github.com/openshift/origin/Godeps/_workspace/src/k8s.io/kubernetes/pkg/registry/configmap/etcd	6.188s
ok  	github.com/openshift/origin/Godeps/_workspace/src/k8s.io/kubernetes/pkg/registry/controller	0.031s
ok  	github.com/openshift/origin/Godeps/_workspace/src/k8s.io/kubernetes/pkg/registry/controller/etcd	10.667s
ok  	github.com/openshift/origin/Godeps/_workspace/src/k8s.io/kubernetes/pkg/registry/daemonset	0.037s
ok  	github.com/openshift/origin/Godeps/_workspace/src/k8s.io/kubernetes/pkg/registry/daemonset/etcd	6.800s
ok  	github.com/openshift/origin/Godeps/_workspace/src/k8s.io/kubernetes/pkg/registry/deployment	0.064s
ok  	github.com/openshift/origin/Godeps/_workspace/src/k8s.io/kubernetes/pkg/registry/deployment/etcd	8.520s
ok  	github.com/openshift/origin/Godeps/_workspace/src/k8s.io/kubernetes/pkg/registry/endpoint	0.044s
ok  	github.com/openshift/origin/Godeps/_workspace/src/k8s.io/kubernetes/pkg/registry/endpoint/etcd	5.980s
ok  	github.com/openshift/origin/Godeps/_workspace/src/k8s.io/kubernetes/pkg/registry/event	0.015s
ok  	github.com/openshift/origin/Godeps/_workspace/src/k8s.io/kubernetes/pkg/registry/event/etcd	1.621s
ok  	github.com/openshift/origin/Godeps/_workspace/src/k8s.io/kubernetes/pkg/registry/experimental/controller/etcd	1.701s
ok  	github.com/openshift/origin/Godeps/_workspace/src/k8s.io/kubernetes/pkg/registry/generic	0.066s
ok  	github.com/openshift/origin/Godeps/_workspace/src/k8s.io/kubernetes/pkg/registry/generic/etcd	7.223s
ok  	github.com/openshift/origin/Godeps/_workspace/src/k8s.io/kubernetes/pkg/registry/generic/rest	0.181s
ok  	github.com/openshift/origin/Godeps/_workspace/src/k8s.io/kubernetes/pkg/registry/horizontalpodautoscaler	0.132s
ok  	github.com/openshift/origin/Godeps/_workspace/src/k8s.io/kubernetes/pkg/registry/horizontalpodautoscaler/etcd	5.916s
ok  	github.com/openshift/origin/Godeps/_workspace/src/k8s.io/kubernetes/pkg/registry/ingress	0.069s
ok  	github.com/openshift/origin/Godeps/_workspace/src/k8s.io/kubernetes/pkg/registry/ingress/etcd	6.757s
ok  	github.com/openshift/origin/Godeps/_workspace/src/k8s.io/kubernetes/pkg/registry/job	0.043s
ok  	github.com/openshift/origin/Godeps/_workspace/src/k8s.io/kubernetes/pkg/registry/job/etcd	5.982s
ok  	github.com/openshift/origin/Godeps/_workspace/src/k8s.io/kubernetes/pkg/registry/limitrange	0.196s
ok  	github.com/openshift/origin/Godeps/_workspace/src/k8s.io/kubernetes/pkg/registry/limitrange/etcd	7.316s
ok  	github.com/openshift/origin/Godeps/_workspace/src/k8s.io/kubernetes/pkg/registry/namespace	0.096s
ok  	github.com/openshift/origin/Godeps/_workspace/src/k8s.io/kubernetes/pkg/registry/namespace/etcd	7.638s
ok  	github.com/openshift/origin/Godeps/_workspace/src/k8s.io/kubernetes/pkg/registry/node	0.030s
ok  	github.com/openshift/origin/Godeps/_workspace/src/k8s.io/kubernetes/pkg/registry/node/etcd	6.417s
ok  	github.com/openshift/origin/Godeps/_workspace/src/k8s.io/kubernetes/pkg/registry/persistentvolume	0.108s
ok  	github.com/openshift/origin/Godeps/_workspace/src/k8s.io/kubernetes/pkg/registry/persistentvolumeclaim	0.040s
ok  	github.com/openshift/origin/Godeps/_workspace/src/k8s.io/kubernetes/pkg/registry/persistentvolumeclaim/etcd	5.616s
ok  	github.com/openshift/origin/Godeps/_workspace/src/k8s.io/kubernetes/pkg/registry/persistentvolume/etcd	5.390s
ok  	github.com/openshift/origin/Godeps/_workspace/src/k8s.io/kubernetes/pkg/registry/pod	0.040s
ok  	github.com/openshift/origin/Godeps/_workspace/src/k8s.io/kubernetes/pkg/registry/pod/etcd	13.970s
ok  	github.com/openshift/origin/Godeps/_workspace/src/k8s.io/kubernetes/pkg/registry/pod/rest	0.200s
ok  	github.com/openshift/origin/Godeps/_workspace/src/k8s.io/kubernetes/pkg/registry/podtemplate	0.066s
ok  	github.com/openshift/origin/Godeps/_workspace/src/k8s.io/kubernetes/pkg/registry/podtemplate/etcd	5.787s
ok  	github.com/openshift/origin/Godeps/_workspace/src/k8s.io/kubernetes/pkg/registry/resourcequota	0.274s
ok  	github.com/openshift/origin/Godeps/_workspace/src/k8s.io/kubernetes/pkg/registry/resourcequota/etcd	5.097s
ok  	github.com/openshift/origin/Godeps/_workspace/src/k8s.io/kubernetes/pkg/registry/secret	0.066s
ok  	github.com/openshift/origin/Godeps/_workspace/src/k8s.io/kubernetes/pkg/registry/secret/etcd	5.711s
ok  	github.com/openshift/origin/Godeps/_workspace/src/k8s.io/kubernetes/pkg/registry/securitycontextconstraints/etcd	0.938s
ok  	github.com/openshift/origin/Godeps/_workspace/src/k8s.io/kubernetes/pkg/registry/service	0.024s
ok  	github.com/openshift/origin/Godeps/_workspace/src/k8s.io/kubernetes/pkg/registry/serviceaccount	0.046s
ok  	github.com/openshift/origin/Godeps/_workspace/src/k8s.io/kubernetes/pkg/registry/serviceaccount/etcd	6.738s
ok  	github.com/openshift/origin/Godeps/_workspace/src/k8s.io/kubernetes/pkg/registry/service/allocator	0.005s
ok  	github.com/openshift/origin/Godeps/_workspace/src/k8s.io/kubernetes/pkg/registry/service/allocator/etcd	0.924s
ok  	github.com/openshift/origin/Godeps/_workspace/src/k8s.io/kubernetes/pkg/registry/service/etcd	5.400s
ok  	github.com/openshift/origin/Godeps/_workspace/src/k8s.io/kubernetes/pkg/registry/service/ipallocator	0.098s
ok  	github.com/openshift/origin/Godeps/_workspace/src/k8s.io/kubernetes/pkg/registry/service/ipallocator/controller	0.357s
ok  	github.com/openshift/origin/Godeps/_workspace/src/k8s.io/kubernetes/pkg/registry/service/ipallocator/etcd	1.241s
ok  	github.com/openshift/origin/Godeps/_workspace/src/k8s.io/kubernetes/pkg/registry/service/portallocator	0.070s
ok  	github.com/openshift/origin/Godeps/_workspace/src/k8s.io/kubernetes/pkg/registry/thirdpartyresource	0.026s
ok  	github.com/openshift/origin/Godeps/_workspace/src/k8s.io/kubernetes/pkg/registry/thirdpartyresourcedata	0.102s
ok  	github.com/openshift/origin/Godeps/_workspace/src/k8s.io/kubernetes/pkg/registry/thirdpartyresourcedata/etcd	6.074s
ok  	github.com/openshift/origin/Godeps/_workspace/src/k8s.io/kubernetes/pkg/registry/thirdpartyresource/etcd	6.061s
ok  	github.com/openshift/origin/Godeps/_workspace/src/k8s.io/kubernetes/pkg/securitycontext	0.103s
ok  	github.com/openshift/origin/Godeps/_workspace/src/k8s.io/kubernetes/pkg/securitycontextconstraints	0.029s
ok  	github.com/openshift/origin/Godeps/_workspace/src/k8s.io/kubernetes/pkg/securitycontextconstraints/capabilities	0.008s
ok  	github.com/openshift/origin/Godeps/_workspace/src/k8s.io/kubernetes/pkg/securitycontextconstraints/group	0.083s
ok  	github.com/openshift/origin/Godeps/_workspace/src/k8s.io/kubernetes/pkg/securitycontextconstraints/selinux	0.056s
ok  	github.com/openshift/origin/Godeps/_workspace/src/k8s.io/kubernetes/pkg/securitycontextconstraints/user	0.201s
ok  	github.com/openshift/origin/Godeps/_workspace/src/k8s.io/kubernetes/pkg/serviceaccount	0.080s
ok  	github.com/openshift/origin/Godeps/_workspace/src/k8s.io/kubernetes/pkg/storage	8.087s
ok  	github.com/openshift/origin/Godeps/_workspace/src/k8s.io/kubernetes/pkg/storage/etcd	10.332s
ok  	github.com/openshift/origin/Godeps/_workspace/src/k8s.io/kubernetes/pkg/storage/etcd/util	0.103s
ok  	github.com/openshift/origin/Godeps/_workspace/src/k8s.io/kubernetes/pkg/util	21.026s
ok  	github.com/openshift/origin/Godeps/_workspace/src/k8s.io/kubernetes/pkg/util/atomic	0.038s
ok  	github.com/openshift/origin/Godeps/_workspace/src/k8s.io/kubernetes/pkg/util/bandwidth	0.015s
ok  	github.com/openshift/origin/Godeps/_workspace/src/k8s.io/kubernetes/pkg/util/config	0.034s
ok  	github.com/openshift/origin/Godeps/_workspace/src/k8s.io/kubernetes/pkg/util/dbus	0.048s
ok  	github.com/openshift/origin/Godeps/_workspace/src/k8s.io/kubernetes/pkg/util/deployment	0.034s
ok  	github.com/openshift/origin/Godeps/_workspace/src/k8s.io/kubernetes/pkg/util/errors	0.013s
ok  	github.com/openshift/origin/Godeps/_workspace/src/k8s.io/kubernetes/pkg/util/exec	0.070s
ok  	github.com/openshift/origin/Godeps/_workspace/src/k8s.io/kubernetes/pkg/util/flushwriter	0.005s
ok  	github.com/openshift/origin/Godeps/_workspace/src/k8s.io/kubernetes/pkg/util/hash	0.040s
ok  	github.com/openshift/origin/Godeps/_workspace/src/k8s.io/kubernetes/pkg/util/httpstream	0.006s
ok  	github.com/openshift/origin/Godeps/_workspace/src/k8s.io/kubernetes/pkg/util/httpstream/spdy	0.260s
ok  	github.com/openshift/origin/Godeps/_workspace/src/k8s.io/kubernetes/pkg/util/intstr	0.077s
ok  	github.com/openshift/origin/Godeps/_workspace/src/k8s.io/kubernetes/pkg/util/io	0.078s
ok  	github.com/openshift/origin/Godeps/_workspace/src/k8s.io/kubernetes/pkg/util/iptables	0.031s
ok  	github.com/openshift/origin/Godeps/_workspace/src/k8s.io/kubernetes/pkg/util/json	0.013s
ok  	github.com/openshift/origin/Godeps/_workspace/src/k8s.io/kubernetes/pkg/util/jsonpath	0.010s
ok  	github.com/openshift/origin/Godeps/_workspace/src/k8s.io/kubernetes/pkg/util/keymutex	1.018s
ok  	github.com/openshift/origin/Godeps/_workspace/src/k8s.io/kubernetes/pkg/util/labels	0.006s
ok  	github.com/openshift/origin/Godeps/_workspace/src/k8s.io/kubernetes/pkg/util/mount	0.012s
ok  	github.com/openshift/origin/Godeps/_workspace/src/k8s.io/kubernetes/pkg/util/net	0.040s
ok  	github.com/openshift/origin/Godeps/_workspace/src/k8s.io/kubernetes/pkg/util/oom	0.030s
ok  	github.com/openshift/origin/Godeps/_workspace/src/k8s.io/kubernetes/pkg/util/procfs	0.015s
ok  	github.com/openshift/origin/Godeps/_workspace/src/k8s.io/kubernetes/pkg/util/proxy	0.011s
ok  	github.com/openshift/origin/Godeps/_workspace/src/k8s.io/kubernetes/pkg/util/rand	0.066s
ok  	github.com/openshift/origin/Godeps/_workspace/src/k8s.io/kubernetes/pkg/util/sets	0.009s
ok  	github.com/openshift/origin/Godeps/_workspace/src/k8s.io/kubernetes/pkg/util/slice	0.047s
ok  	github.com/openshift/origin/Godeps/_workspace/src/k8s.io/kubernetes/pkg/util/strategicpatch	0.183s
ok  	github.com/openshift/origin/Godeps/_workspace/src/k8s.io/kubernetes/pkg/util/strings	0.008s
ok  	github.com/openshift/origin/Godeps/_workspace/src/k8s.io/kubernetes/pkg/util/testing	0.074s
ok  	github.com/openshift/origin/Godeps/_workspace/src/k8s.io/kubernetes/pkg/util/validation	0.016s
ok  	github.com/openshift/origin/Godeps/_workspace/src/k8s.io/kubernetes/pkg/util/validation/field	0.038s
ok  	github.com/openshift/origin/Godeps/_workspace/src/k8s.io/kubernetes/pkg/util/wait	0.034s
ok  	github.com/openshift/origin/Godeps/_workspace/src/k8s.io/kubernetes/pkg/util/workqueue	0.265s
ok  	github.com/openshift/origin/Godeps/_workspace/src/k8s.io/kubernetes/pkg/util/wsstream	0.022s
ok  	github.com/openshift/origin/Godeps/_workspace/src/k8s.io/kubernetes/pkg/util/yaml	0.018s
ok  	github.com/openshift/origin/Godeps/_workspace/src/k8s.io/kubernetes/pkg/version	0.016s
ok  	github.com/openshift/origin/Godeps/_workspace/src/k8s.io/kubernetes/pkg/volume	0.214s
ok  	github.com/openshift/origin/Godeps/_workspace/src/k8s.io/kubernetes/pkg/volume/aws_ebs	0.030s
ok  	github.com/openshift/origin/Godeps/_workspace/src/k8s.io/kubernetes/pkg/volume/cephfs	0.042s
ok  	github.com/openshift/origin/Godeps/_workspace/src/k8s.io/kubernetes/pkg/volume/cinder	2.054s
ok  	github.com/openshift/origin/Godeps/_workspace/src/k8s.io/kubernetes/pkg/volume/downwardapi	0.085s
ok  	github.com/openshift/origin/Godeps/_workspace/src/k8s.io/kubernetes/pkg/volume/empty_dir	0.091s
ok  	github.com/openshift/origin/Godeps/_workspace/src/k8s.io/kubernetes/pkg/volume/fc	0.015s
ok  	github.com/openshift/origin/Godeps/_workspace/src/k8s.io/kubernetes/pkg/volume/flexvolume	0.135s
ok  	github.com/openshift/origin/Godeps/_workspace/src/k8s.io/kubernetes/pkg/volume/flocker	0.028s
ok  	github.com/openshift/origin/Godeps/_workspace/src/k8s.io/kubernetes/pkg/volume/gce_pd	0.034s
ok  	github.com/openshift/origin/Godeps/_workspace/src/k8s.io/kubernetes/pkg/volume/git_repo	0.027s
ok  	github.com/openshift/origin/Godeps/_workspace/src/k8s.io/kubernetes/pkg/volume/glusterfs	0.048s
ok  	github.com/openshift/origin/Godeps/_workspace/src/k8s.io/kubernetes/pkg/volume/host_path	0.485s
ok  	github.com/openshift/origin/Godeps/_workspace/src/k8s.io/kubernetes/pkg/volume/iscsi	2.047s
ok  	github.com/openshift/origin/Godeps/_workspace/src/k8s.io/kubernetes/pkg/volume/nfs	0.061s
ok  	github.com/openshift/origin/Godeps/_workspace/src/k8s.io/kubernetes/pkg/volume/persistent_claim	0.083s
ok  	github.com/openshift/origin/Godeps/_workspace/src/k8s.io/kubernetes/pkg/volume/rbd	0.071s
ok  	github.com/openshift/origin/Godeps/_workspace/src/k8s.io/kubernetes/pkg/volume/secret	0.190s
ok  	github.com/openshift/origin/Godeps/_workspace/src/k8s.io/kubernetes/pkg/watch	0.007s
ok  	github.com/openshift/origin/Godeps/_workspace/src/k8s.io/kubernetes/pkg/watch/json	0.030s
ok  	github.com/openshift/origin/Godeps/_workspace/src/k8s.io/kubernetes/plugin/pkg/admission/admit	0.014s
ok  	github.com/openshift/origin/Godeps/_workspace/src/k8s.io/kubernetes/plugin/pkg/admission/alwayspullimages	0.064s
ok  	github.com/openshift/origin/Godeps/_workspace/src/k8s.io/kubernetes/plugin/pkg/admission/deny	0.035s
ok  	github.com/openshift/origin/Godeps/_workspace/src/k8s.io/kubernetes/plugin/pkg/admission/exec	0.024s
ok  	github.com/openshift/origin/Godeps/_workspace/src/k8s.io/kubernetes/plugin/pkg/admission/initialresources	0.035s
ok  	github.com/openshift/origin/Godeps/_workspace/src/k8s.io/kubernetes/plugin/pkg/admission/limitranger	0.041s
ok  	github.com/openshift/origin/Godeps/_workspace/src/k8s.io/kubernetes/plugin/pkg/admission/namespace/autoprovision	0.037s
ok  	github.com/openshift/origin/Godeps/_workspace/src/k8s.io/kubernetes/plugin/pkg/admission/namespace/exists	0.130s
ok  	github.com/openshift/origin/Godeps/_workspace/src/k8s.io/kubernetes/plugin/pkg/admission/namespace/lifecycle	0.032s
ok  	github.com/openshift/origin/Godeps/_workspace/src/k8s.io/kubernetes/plugin/pkg/admission/persistentvolume/label	0.013s
ok  	github.com/openshift/origin/Godeps/_workspace/src/k8s.io/kubernetes/plugin/pkg/admission/resourcequota	0.081s
ok  	github.com/openshift/origin/Godeps/_workspace/src/k8s.io/kubernetes/plugin/pkg/admission/securitycontext/scdeny	0.011s
ok  	github.com/openshift/origin/Godeps/_workspace/src/k8s.io/kubernetes/plugin/pkg/admission/serviceaccount	1.481s
ok  	github.com/openshift/origin/Godeps/_workspace/src/k8s.io/kubernetes/plugin/pkg/auth/authenticator/password/passwordfile	0.031s
ok  	github.com/openshift/origin/Godeps/_workspace/src/k8s.io/kubernetes/plugin/pkg/auth/authenticator/request/basicauth	0.008s
ok  	github.com/openshift/origin/Godeps/_workspace/src/k8s.io/kubernetes/plugin/pkg/auth/authenticator/request/union	0.040s
ok  	github.com/openshift/origin/Godeps/_workspace/src/k8s.io/kubernetes/plugin/pkg/auth/authenticator/request/x509	0.020s
I0314 11:12:13.703764   15809 oidc.go:72] No x509 certificates provided, will use host's root CA set
E0314 11:12:43.704224   15809 oidc.go:94] Failed to fetch provider config, trying again in 1s: Get https://foo/bar/.well-known/openid-configuration: dial tcp 9.26.78.114:443: i/o timeout
panic: test timed out after 1m0s

goroutine 13 [running]:
testing.startAlarm.func1()
	/sandbox/lei/go/src/testing/testing.go:703 +0x174
created by time.goFunc
	/sandbox/lei/go/src/time/sleep.go:129 +0x5a

goroutine 1 [chan receive]:
testing.RunTests(0x8063d5e0, 0x807923c0, 0x4, 0x4, 0x10000c81fff84ae)
	/sandbox/lei/go/src/testing/testing.go:562 +0x7b0
testing.(*M).Run(0xc8200c1ee8, 0x3)
	/sandbox/lei/go/src/testing/testing.go:494 +0x80
main.main()
	github.com/openshift/origin/Godeps/_workspace/src/k8s.io/kubernetes/plugin/pkg/auth/authenticator/token/oidc/_test/_testmain.go:60 +0x164

goroutine 17 [syscall, locked to thread]:
runtime.goexit()
	/sandbox/lei/go/src/runtime/asm_s390x.s:1152 +0x2

goroutine 5 [chan receive]:
github.com/golang/glog.(*loggingT).flushDaemon(0x807ac060)
	/lzh/go/src/github.com/openshift/origin/Godeps/_workspace/src/github.com/golang/glog/glog.go:879 +0x86
created by github.com/golang/glog.init.1
	/lzh/go/src/github.com/openshift/origin/Godeps/_workspace/src/github.com/golang/glog/glog.go:410 +0x3f0

goroutine 10 [select]:
net/http.(*Transport).getConn(0xc8200945a0, 0xc820130000, 0x0, 0xc820122090, 0x5, 0xc820120130, 0x7, 0x0, 0x0, 0x0)
	/sandbox/lei/go/src/net/http/transport.go:554 +0x6a6
net/http.(*Transport).RoundTrip(0xc8200945a0, 0xc820130000, 0xc820122098, 0x0, 0x0)
	/sandbox/lei/go/src/net/http/transport.go:228 +0x544
net/http.send(0xc820130000, 0x3ffa2fc47a8, 0xc8200945a0, 0xc8201220f0, 0x0, 0x0)
	/sandbox/lei/go/src/net/http/client.go:220 +0x5aa
net/http.(*Client).send(0xc8200f6ba0, 0xc820130000, 0x30, 0x0, 0x0)
	/sandbox/lei/go/src/net/http/client.go:143 +0x18a
net/http.(*Client).doFollowingRedirects(0xc8200f6ba0, 0xc820130000, 0x8063d820, 0x0, 0x0, 0x0)
	/sandbox/lei/go/src/net/http/client.go:380 +0xc94
net/http.(*Client).Do(0xc8200f6ba0, 0xc820130000, 0xc820122090, 0x0, 0x0)
	/sandbox/lei/go/src/net/http/client.go:175 +0xd2
github.com/coreos/go-oidc/oidc.(*httpProviderConfigGetter).Get(0xc8200bd650, 0x0, 0x0, 0x0, 0x0, 0x0, 0x0, 0x0, 0x0, 0x0, ...)
	/lzh/go/src/github.com/openshift/origin/Godeps/_workspace/src/github.com/coreos/go-oidc/oidc/provider.go:205 +0x18a
github.com/coreos/go-oidc/oidc.FetchProviderConfig(0x3ffa2fc6408, 0xc8200f6ba0, 0x80581070, 0xf, 0x0, 0x0, 0x0, 0x0, 0x0, 0x0, ...)
	/lzh/go/src/github.com/openshift/origin/Godeps/_workspace/src/github.com/coreos/go-oidc/oidc/provider.go:240 +0x1d4
github.com/openshift/origin/Godeps/_workspace/src/k8s.io/kubernetes/plugin/pkg/auth/authenticator/token/oidc.New(0x80581070, 0xf, 0x8057e870, 0xa, 0x0, 0x0, 0x805755e8, 0x3, 0x100000000, 0x0, ...)
	/lzh/go/src/github.com/openshift/origin/Godeps/_workspace/src/k8s.io/kubernetes/plugin/pkg/auth/authenticator/token/oidc/oidc.go:90 +0x72e
github.com/openshift/origin/Godeps/_workspace/src/k8s.io/kubernetes/plugin/pkg/auth/authenticator/token/oidc.TestOIDCDiscoveryTimeout(0xc820094510)
	/lzh/go/src/github.com/openshift/origin/Godeps/_workspace/src/k8s.io/kubernetes/plugin/pkg/auth/authenticator/token/oidc/oidc_test.go:195 +0xec
testing.tRunner(0xc820094510, 0x807923c0)
	/sandbox/lei/go/src/testing/testing.go:456 +0x104
created by testing.RunTests
	/sandbox/lei/go/src/testing/testing.go:561 +0x77c

goroutine 34 [IO wait]:
net.runtime_pollWait(0x3ffa2fc5768, 0x77, 0x8006a1f0)
	/sandbox/lei/go/src/runtime/netpoll.go:157 +0x94
net.(*pollDesc).Wait(0xc8201340d0, 0x77, 0x0, 0x0)
	/sandbox/lei/go/src/net/fd_poll_runtime.go:73 +0x52
net.(*pollDesc).WaitWrite(0xc8201340d0, 0x0, 0x0)
	/sandbox/lei/go/src/net/fd_poll_runtime.go:82 +0x52
net.(*netFD).connect(0xc820134070, 0x0, 0x0, 0x3ffa2fc6568, 0xc8201260e0, 0xece78cc0a, 0x29fff7e800000000, 0x807abe00, 0x0, 0x0)
	/sandbox/lei/go/src/net/fd_unix.go:114 +0x268
net.(*netFD).dial(0xc820134070, 0x3ffa2fc6520, 0x0, 0x3ffa2fc6520, 0xc8201221e0, 0xece78cc0a, 0x29fff7e80000000a, 0x807abe00, 0x0, 0x0)
	/sandbox/lei/go/src/net/sock_posix.go:137 +0x374
net.socket(0x805756e0, 0x3, 0x2, 0x1, 0x0, 0xc8201221e0, 0x3ffa2fc6520, 0x0, 0x3ffa2fc6520, 0xc8201221e0, ...)
	/sandbox/lei/go/src/net/sock_posix.go:89 +0x418
net.internetSocket(0x805756e0, 0x3, 0x3ffa2fc6520, 0x0, 0x3ffa2fc6520, 0xc8201221e0, 0xece78cc0a, 0x29fff7e820126060, 0x807abe00, 0x1, ...)
	/sandbox/lei/go/src/net/ipsock_posix.go:160 +0x146
net.dialTCP(0x805756e0, 0x3, 0x0, 0xc8201221e0, 0xece78cc0a, 0x29fff7e820120190, 0x807abe00, 0x1, 0x0, 0x0)
	/sandbox/lei/go/src/net/tcpsock_posix.go:171 +0x184
net.dialSingle(0xc82012e080, 0x3ffa2fc6490, 0xc8201221e0, 0xece78cc0a, 0x29fff7e8807abe00, 0x807abe00, 0x0, 0x0, 0x0, 0x0)
	/sandbox/lei/go/src/net/dial.go:364 +0x448
net.dialSerial.func1(0xece78cc0a, 0x29fff7e8ce78cc0a, 0x807abe00, 0x0, 0x0, 0x0, 0x0)
	/sandbox/lei/go/src/net/dial.go:336 +0x86
net.dial(0x805756e0, 0x3, 0x3ffa2fc6490, 0xc8201221e0, 0xc8200536e8, 0xece78cc0a, 0x29fff7e800000001, 0x807abe00, 0x0, 0x0, ...)
	/sandbox/lei/go/src/net/fd_unix.go:40 +0x76
net.dialSerial(0xc82012e080, 0xc820120190, 0x1, 0x1, 0x0, 0x0, 0x0, 0x0, 0x0)
	/sandbox/lei/go/src/net/dial.go:338 +0x77a
net.(*Dialer).Dial(0xc820018410, 0x805756e0, 0x3, 0xc820120130, 0x7, 0x0, 0x0, 0x0, 0x0)
	/sandbox/lei/go/src/net/dial.go:232 +0x554
net.(*Dialer).Dial-fm(0x805756e0, 0x3, 0xc820120130, 0x7, 0x0, 0x0, 0x0, 0x0)
	/sandbox/lei/go/src/net/http/transport.go:38 +0x82
net/http.(*Transport).dial(0xc8200945a0, 0x805756e0, 0x3, 0xc820120130, 0x7, 0x0, 0x0, 0x0, 0x0)
	/sandbox/lei/go/src/net/http/transport.go:499 +0x98
net/http.(*Transport).dialConn(0xc8200945a0, 0x0, 0xc820122090, 0x5, 0xc820120130, 0x7, 0x0, 0x0, 0x0)
	/sandbox/lei/go/src/net/http/transport.go:596 +0x1a12
net/http.(*Transport).getConn.func4(0xc8200945a0, 0x0, 0xc820122090, 0x5, 0xc820120130, 0x7, 0xc820128060)
	/sandbox/lei/go/src/net/http/transport.go:549 +0x76
created by net/http.(*Transport).getConn
	/sandbox/lei/go/src/net/http/transport.go:551 +0x286
FAIL	github.com/openshift/origin/Godeps/_workspace/src/k8s.io/kubernetes/plugin/pkg/auth/authenticator/token/oidc	60.012s
ok  	github.com/openshift/origin/Godeps/_workspace/src/k8s.io/kubernetes/plugin/pkg/auth/authenticator/token/tokenfile	0.063s
ok  	github.com/openshift/origin/Godeps/_workspace/src/k8s.io/kubernetes/plugin/pkg/scheduler	0.028s
ok  	github.com/openshift/origin/Godeps/_workspace/src/k8s.io/kubernetes/plugin/pkg/scheduler/algorithm	0.012s
ok  	github.com/openshift/origin/Godeps/_workspace/src/k8s.io/kubernetes/plugin/pkg/scheduler/algorithm/predicates	0.038s
ok  	github.com/openshift/origin/Godeps/_workspace/src/k8s.io/kubernetes/plugin/pkg/scheduler/algorithm/priorities	0.042s
ok  	github.com/openshift/origin/Godeps/_workspace/src/k8s.io/kubernetes/plugin/pkg/scheduler/algorithmprovider	0.023s
ok  	github.com/openshift/origin/Godeps/_workspace/src/k8s.io/kubernetes/plugin/pkg/scheduler/algorithmprovider/defaults	0.047s
ok  	github.com/openshift/origin/Godeps/_workspace/src/k8s.io/kubernetes/plugin/pkg/scheduler/api/validation	0.012s
ok  	github.com/openshift/origin/Godeps/_workspace/src/k8s.io/kubernetes/plugin/pkg/scheduler/factory	0.025s
ok  	github.com/openshift/origin/Godeps/_workspace/src/k8s.io/kubernetes/third_party/forked/reflect	0.005s
ok  	github.com/openshift/origin/Godeps/_workspace/src/k8s.io/kubernetes/third_party/golang/expansion	0.009s
